2025-10-16 00:40:41,890 [INFO] Activator:176 - 


2025-10-16 00:40:41,892 [INFO] Activator:177 - !SESSION log4j initialized
2025-10-16 00:40:44,983 [INFO] LogOutputStream:77 - [STDOUT_REDIRECT] 
2025-10-16 00:40:49,467 [INFO] ApplicationProperties:184 - Using Application install path: C:\ST\STM32CubeIDE_1.13.2\STM32CubeIDE\plugins\com.st.stm32cube.common.mx_6.9.2.202309101412
2025-10-16 00:40:49,481 [INFO] DbMcusXml:78 - Set database path to: C:\ST\STM32CubeIDE_1.13.2\STM32CubeIDE\plugins\com.st.stm32cube.common.mx_6.9.2.202309101412\\db\/mcu/
2025-10-16 00:40:49,482 [INFO] ApiDb:274 - Set plugin database path to: C:\ST\STM32CubeIDE_1.13.2\STM32CubeIDE\plugins\com.st.stm32cube.common.mx_6.9.2.202309101412\\db\/plugins/boardmanager/
2025-10-16 00:40:49,483 [WARN] ApiDb:259 - Overriding images path with different value:  => C:\ST\STM32CubeIDE_1.13.2\STM32CubeIDE\plugins\com.st.stm32cube.common.mx_6.9.2.202309101412\\db\/plugins/mcufinder/images/
2025-10-16 00:40:49,492 [INFO] ApiDb:250 - Set database path to: C:\Users\daver\.stmcufinder\plugins\mcufinder//mcu/
2025-10-16 00:40:49,493 [INFO] DbMcusAds:125 - Set database path to: C:\Users\daver\.stmcufinder\plugins\mcufinder//mcu/
2025-10-16 00:40:49,497 [INFO] CrossReferenceDbSqlite:203 - Set database path to: C:\Users\daver\.stmcufinder\plugins\mcufinder//mcu/cs/
2025-10-16 00:40:49,602 [INFO] RulesReader:64 - Compatibility file has been processed (293 Rules)
2025-10-16 00:40:49,686 [INFO] DbMcusXml:78 - Set database path to: C:\ST\STM32CubeIDE_1.13.2\STM32CubeIDE\plugins\com.st.stm32cube.common.mx_6.9.2.202309101412\\db\/mcu/
2025-10-16 00:40:49,686 [INFO] ApiDb:274 - Set plugin database path to: C:\ST\STM32CubeIDE_1.13.2\STM32CubeIDE\plugins\com.st.stm32cube.common.mx_6.9.2.202309101412\\db\/plugins/boardmanager/
2025-10-16 00:40:49,686 [INFO] ApiDb:261 - Set plugin images path to: C:\ST\STM32CubeIDE_1.13.2\STM32CubeIDE\plugins\com.st.stm32cube.common.mx_6.9.2.202309101412\\db\/plugins/mcufinder/images/
2025-10-16 00:40:49,687 [WARN] DbFile:41 - Overriding database path with different value: C:\Users\daver\.stmcufinder\plugins\mcufinder/ => C:\Users\daver\.stmcufinder\plugins\mcufinder
2025-10-16 00:40:49,687 [INFO] ApiDb:250 - Set database path to: C:\Users\daver\.stmcufinder\plugins\mcufinder//mcu/
2025-10-16 00:40:49,687 [WARN] DbFile:41 - Overriding database path with different value: C:\Users\daver\.stmcufinder\plugins\mcufinder/ => C:\Users\daver\.stmcufinder\plugins\mcufinder
2025-10-16 00:40:49,687 [INFO] DbMcusAds:125 - Set database path to: C:\Users\daver\.stmcufinder\plugins\mcufinder//mcu/
2025-10-16 00:40:49,687 [WARN] DbFile:41 - Overriding database path with different value: C:\Users\daver\.stmcufinder\plugins\mcufinder/ => C:\Users\daver\.stmcufinder\plugins\mcufinder
2025-10-16 00:40:49,687 [WARN] DbFile:41 - Overriding database path with different value: C:\Users\daver\.stmcufinder\plugins\mcufinder/ => C:\Users\daver\.stmcufinder\plugins\mcufinder
2025-10-16 00:40:49,687 [INFO] CrossReferenceDbSqlite:203 - Set database path to: C:\Users\daver\.stmcufinder\plugins\mcufinder//mcu/cs/
2025-10-16 00:40:49,754 [INFO] MainPanel:262 - HeapMemory: 268435456
2025-10-16 00:40:49,820 [INFO] DbMcusXml:78 - Set database path to: C:\ST\STM32CubeIDE_1.13.2\STM32CubeIDE\plugins\com.st.stm32cube.common.mx_6.9.2.202309101412\\db\/mcu/
2025-10-16 00:40:49,820 [INFO] ApiDb:274 - Set plugin database path to: C:\ST\STM32CubeIDE_1.13.2\STM32CubeIDE\plugins\com.st.stm32cube.common.mx_6.9.2.202309101412\\db\/plugins/boardmanager/
2025-10-16 00:40:49,820 [INFO] ApiDb:261 - Set plugin images path to: C:\ST\STM32CubeIDE_1.13.2\STM32CubeIDE\plugins\com.st.stm32cube.common.mx_6.9.2.202309101412\\db\/plugins/mcufinder/images/
2025-10-16 00:40:49,820 [WARN] DbFile:41 - Overriding database path with different value: C:\Users\daver\.stmcufinder\plugins\mcufinder/ => C:\Users\daver\.stmcufinder\plugins\mcufinder
2025-10-16 00:40:49,820 [INFO] ApiDb:250 - Set database path to: C:\Users\daver\.stmcufinder\plugins\mcufinder//mcu/
2025-10-16 00:40:49,821 [WARN] DbFile:41 - Overriding database path with different value: C:\Users\daver\.stmcufinder\plugins\mcufinder/ => C:\Users\daver\.stmcufinder\plugins\mcufinder
2025-10-16 00:40:49,821 [INFO] DbMcusAds:125 - Set database path to: C:\Users\daver\.stmcufinder\plugins\mcufinder//mcu/
2025-10-16 00:40:49,821 [WARN] DbFile:41 - Overriding database path with different value: C:\Users\daver\.stmcufinder\plugins\mcufinder/ => C:\Users\daver\.stmcufinder\plugins\mcufinder
2025-10-16 00:40:49,821 [WARN] DbFile:41 - Overriding database path with different value: C:\Users\daver\.stmcufinder\plugins\mcufinder/ => C:\Users\daver\.stmcufinder\plugins\mcufinder
2025-10-16 00:40:49,821 [INFO] CrossReferenceDbSqlite:203 - Set database path to: C:\Users\daver\.stmcufinder\plugins\mcufinder//mcu/cs/
2025-10-16 00:40:49,836 [INFO] ApplicationProperties:184 - Using Application install path: C:\ST\STM32CubeIDE_1.13.2\STM32CubeIDE\plugins\com.st.stm32cube.common.mx_6.9.2.202309101412
2025-10-16 00:40:49,838 [INFO] PluginManage:196 - Search for loadable plugins [exclusion list=, ]
2025-10-16 00:40:49,839 [INFO] PluginManage:310 - Check plugin analytics
2025-10-16 00:40:50,006 [INFO] AnalyticsPlugin:253 - Accepted Software Licenses: STM32CubeMX.6.15.0
2025-10-16 00:40:50,006 [INFO] AnalyticsPlugin:255 - Accepted CMSIS Pack Licenses: 
2025-10-16 00:40:50,007 [INFO] AnalyticsPlugin:257 - Accepted Firmware Licenses: FW.F4.1.27.0
2025-10-16 00:40:50,009 [INFO] PluginManage:359 - Loaded plugin analytics (category:tool,tabindex:-1)
2025-10-16 00:40:50,010 [INFO] PluginManage:310 - Check plugin cadmodel
2025-10-16 00:40:50,015 [INFO] CADModel:105 - Init CAD model plugin
2025-10-16 00:40:50,015 [INFO] PluginManage:359 - Loaded plugin cadmodel (category:power,tabindex:5)
2025-10-16 00:40:50,015 [INFO] PluginManage:310 - Check plugin clock
2025-10-16 00:40:50,025 [INFO] PluginManage:359 - Loaded plugin clock (category:base,tabindex:2)
2025-10-16 00:40:50,025 [INFO] PluginManage:310 - Check plugin ddr
2025-10-16 00:40:50,029 [INFO] PluginManage:359 - Loaded plugin ddr (category:tool,tabindex:6)
2025-10-16 00:40:50,029 [INFO] PluginManage:310 - Check plugin filemanager
2025-10-16 00:40:50,158 [INFO] PluginManage:359 - Loaded plugin filemanager (category:base,tabindex:10)
2025-10-16 00:40:50,158 [INFO] PluginManage:310 - Check plugin ipmanager
2025-10-16 00:40:50,167 [INFO] PluginManage:359 - Loaded plugin ipmanager (category:base,tabindex:5)
2025-10-16 00:40:50,167 [INFO] PluginManage:310 - Check plugin lpbam
2025-10-16 00:40:50,176 [INFO] PluginManage:359 - Loaded plugin lpbam (category:base,tabindex:0)
2025-10-16 00:40:50,176 [INFO] PluginManage:310 - Check plugin memorymap
2025-10-16 00:40:50,188 [INFO] PluginManage:359 - Loaded plugin memorymap (category:base,tabindex:4)
2025-10-16 00:40:50,188 [INFO] PluginManage:310 - Check plugin pinoutandconfiguration
2025-10-16 00:40:50,196 [INFO] PluginManage:359 - Loaded plugin pinoutandconfiguration (category:base,tabindex:1)
2025-10-16 00:40:50,196 [INFO] PluginManage:310 - Check plugin pinoutconfig
2025-10-16 00:40:50,297 [WARN] SupportedApi:132 - Cannot load RTOS API schema: s4s-elt-must-match.1: The content of 'definitions' must match (annotation?, (simpleType | complexType)?, (unique | key | keyref)*)). A problem was found starting at: attribute.
2025-10-16 00:40:50,438 [INFO] PluginManage:359 - Loaded plugin pinoutconfig (category:base,tabindex:0)
2025-10-16 00:40:50,438 [INFO] PluginManage:310 - Check plugin power
2025-10-16 00:40:50,445 [INFO] PluginManage:359 - Loaded plugin power (category:power,tabindex:4)
2025-10-16 00:40:50,445 [INFO] PluginManage:310 - Check plugin projectmanager
2025-10-16 00:40:50,456 [INFO] PluginManage:359 - Loaded plugin projectmanager (category:projectmanager,tabindex:3)
2025-10-16 00:40:50,456 [INFO] PluginManage:310 - Check plugin thirdparty
2025-10-16 00:40:50,571 [INFO] PluginManage:359 - Loaded plugin thirdparty (category:base,tabindex:-1)
2025-10-16 00:40:50,571 [INFO] PluginManage:310 - Check plugin tools
2025-10-16 00:40:50,571 [WARN] IntegrityCheckThread:84 - waiting for thirdparty lock release [integrity check]
2025-10-16 00:40:50,572 [INFO] IntegrityCheckThread:86 - entering critical section [integrity check]
2025-10-16 00:40:50,572 [INFO] ThirdPartyUpdaterWithRetryManager:70 - Updater plugin not ready yet. [1/15]
2025-10-16 00:40:50,575 [INFO] PluginManage:359 - Loaded plugin tools (category:base,tabindex:7)
2025-10-16 00:40:50,575 [INFO] PluginManage:310 - Check plugin tutovideos
2025-10-16 00:40:50,715 [INFO] PluginManage:359 - Loaded plugin tutovideos (category:base,tabindex:-1)
2025-10-16 00:40:50,715 [INFO] PluginManage:310 - Check plugin updater
2025-10-16 00:40:50,724 [INFO] PluginManage:359 - Loaded plugin updater (category:base,tabindex:12)
2025-10-16 00:40:50,725 [INFO] PluginManage:310 - Check plugin userauth
2025-10-16 00:40:50,730 [INFO] UserAuth:113 - Init User Auth plugin
2025-10-16 00:40:50,730 [INFO] PluginManage:359 - Loaded plugin userauth (category:base,tabindex:14)
2025-10-16 00:40:50,730 [INFO] PluginManage:283 - PluginManage : Loaded plugins [17]
2025-10-16 00:40:50,904 [INFO] PinOutPanel:1499 - setPackage(No Configuration,No Configuration)
2025-10-16 00:40:51,013 [INFO] CADModel:165 - CPN selected for project level
2025-10-16 00:40:51,013 [INFO] CADModel:114 - Register for checkConnection events
2025-10-16 00:40:51,029 [INFO] IPUIPlugin:80 - create IPUIPlugin
2025-10-16 00:40:51,030 [INFO] PluginManager:220 - loadIPPluginJar : add adc
2025-10-16 00:40:51,032 [INFO] IPUIPlugin:80 - create IPUIPlugin
2025-10-16 00:40:51,033 [INFO] PluginManager:220 - loadIPPluginJar : add aes
2025-10-16 00:40:51,036 [INFO] IPUIPlugin:80 - create IPUIPlugin
2025-10-16 00:40:51,036 [INFO] PluginManager:220 - loadIPPluginJar : add can
2025-10-16 00:40:51,038 [INFO] IPUIPlugin:80 - create IPUIPlugin
2025-10-16 00:40:51,038 [INFO] PluginManager:220 - loadIPPluginJar : add comp
2025-10-16 00:40:51,041 [INFO] IPUIPlugin:80 - create IPUIPlugin
2025-10-16 00:40:51,041 [INFO] PluginManager:220 - loadIPPluginJar : add cryp
2025-10-16 00:40:51,044 [INFO] IPUIPlugin:80 - create IPUIPlugin
2025-10-16 00:40:51,045 [INFO] PluginManager:220 - loadIPPluginJar : add dfsdm
2025-10-16 00:40:51,052 [INFO] IPUIPlugin:80 - create IPUIPlugin
2025-10-16 00:40:51,053 [INFO] PluginManager:220 - loadIPPluginJar : add dma
2025-10-16 00:40:51,056 [INFO] IPUIPlugin:80 - create IPUIPlugin
2025-10-16 00:40:51,056 [INFO] PluginManager:220 - loadIPPluginJar : add dma3
2025-10-16 00:40:51,057 [INFO] IPUIPlugin:80 - create IPUIPlugin
2025-10-16 00:40:51,057 [INFO] PluginManager:220 - loadIPPluginJar : add fatfs
2025-10-16 00:40:51,064 [INFO] IPUIPlugin:80 - create IPUIPlugin
2025-10-16 00:40:51,064 [INFO] PluginManager:220 - loadIPPluginJar : add fmc
2025-10-16 00:40:51,071 [INFO] IPUIPlugin:80 - create IPUIPlugin
2025-10-16 00:40:51,071 [INFO] PluginManager:220 - loadIPPluginJar : add freertos
2025-10-16 00:40:51,074 [INFO] IPUIPlugin:80 - create IPUIPlugin
2025-10-16 00:40:51,074 [INFO] PluginManager:220 - loadIPPluginJar : add genericplugin
2025-10-16 00:40:51,078 [INFO] IPUIPlugin:80 - create IPUIPlugin
2025-10-16 00:40:51,079 [INFO] PluginManager:220 - loadIPPluginJar : add gfxmmu
2025-10-16 00:40:51,087 [INFO] IPUIPlugin:80 - create IPUIPlugin
2025-10-16 00:40:51,088 [INFO] PluginManager:220 - loadIPPluginJar : add gic
2025-10-16 00:40:51,096 [INFO] IPUIPlugin:80 - create IPUIPlugin
2025-10-16 00:40:51,096 [INFO] PluginManager:220 - loadIPPluginJar : add gpio
2025-10-16 00:40:51,098 [INFO] IPUIPlugin:80 - create IPUIPlugin
2025-10-16 00:40:51,099 [INFO] PluginManager:220 - loadIPPluginJar : add gtzc
2025-10-16 00:40:51,102 [INFO] IPUIPlugin:80 - create IPUIPlugin
2025-10-16 00:40:51,103 [INFO] PluginManager:220 - loadIPPluginJar : add hash
2025-10-16 00:40:51,106 [INFO] IPUIPlugin:80 - create IPUIPlugin
2025-10-16 00:40:51,106 [INFO] PluginManager:220 - loadIPPluginJar : add i2c
2025-10-16 00:40:51,110 [INFO] IPUIPlugin:80 - create IPUIPlugin
2025-10-16 00:40:51,110 [INFO] PluginManager:220 - loadIPPluginJar : add i2s
2025-10-16 00:40:51,112 [INFO] IPUIPlugin:80 - create IPUIPlugin
2025-10-16 00:40:51,112 [INFO] PluginManager:220 - loadIPPluginJar : add i3c
2025-10-16 00:40:51,115 [INFO] IPUIPlugin:80 - create IPUIPlugin
2025-10-16 00:40:51,116 [INFO] PluginManager:220 - loadIPPluginJar : add ipddr
2025-10-16 00:40:51,122 [INFO] IPUIPlugin:80 - create IPUIPlugin
2025-10-16 00:40:51,122 [INFO] PluginManager:220 - loadIPPluginJar : add linkedlist
2025-10-16 00:40:51,125 [INFO] IPUIPlugin:80 - create IPUIPlugin
2025-10-16 00:40:51,126 [INFO] PluginManager:220 - loadIPPluginJar : add lorawan
2025-10-16 00:40:51,127 [INFO] IPUIPlugin:80 - create IPUIPlugin
2025-10-16 00:40:51,127 [INFO] PluginManager:220 - loadIPPluginJar : add ltdc
2025-10-16 00:40:51,133 [INFO] IPUIPlugin:80 - create IPUIPlugin
2025-10-16 00:40:51,134 [INFO] PluginManager:220 - loadIPPluginJar : add mdma
2025-10-16 00:40:51,139 [INFO] IPUIPlugin:80 - create IPUIPlugin
2025-10-16 00:40:51,139 [INFO] PluginManager:220 - loadIPPluginJar : add nvic
2025-10-16 00:40:51,142 [INFO] IPUIPlugin:80 - create IPUIPlugin
2025-10-16 00:40:51,142 [INFO] PluginManager:220 - loadIPPluginJar : add opamp
2025-10-16 00:40:51,146 [INFO] IPUIPlugin:80 - create IPUIPlugin
2025-10-16 00:40:51,146 [INFO] PluginManager:220 - loadIPPluginJar : add openamp
2025-10-16 00:40:51,149 [INFO] IPUIPlugin:80 - create IPUIPlugin
2025-10-16 00:40:51,149 [INFO] PluginManager:220 - loadIPPluginJar : add pdm2pcm
2025-10-16 00:40:51,156 [INFO] IPUIPlugin:80 - create IPUIPlugin
2025-10-16 00:40:51,160 [INFO] PluginManager:220 - loadIPPluginJar : add plateformsettings
2025-10-16 00:40:51,161 [INFO] IPUIPlugin:80 - create IPUIPlugin
2025-10-16 00:40:51,161 [INFO] PluginManager:220 - loadIPPluginJar : add quadspi
2025-10-16 00:40:51,165 [INFO] IPUIPlugin:80 - create IPUIPlugin
2025-10-16 00:40:51,165 [INFO] PluginManager:220 - loadIPPluginJar : add resmgrutility
2025-10-16 00:40:51,167 [INFO] IPUIPlugin:80 - create IPUIPlugin
2025-10-16 00:40:51,167 [INFO] PluginManager:220 - loadIPPluginJar : add sai
2025-10-16 00:40:51,170 [INFO] IPUIPlugin:80 - create IPUIPlugin
2025-10-16 00:40:51,170 [INFO] PluginManager:220 - loadIPPluginJar : add spi
2025-10-16 00:40:51,176 [INFO] IPUIPlugin:80 - create IPUIPlugin
2025-10-16 00:40:51,176 [INFO] PluginManager:220 - loadIPPluginJar : add stm32_wpan
2025-10-16 00:40:51,179 [INFO] IPUIPlugin:80 - create IPUIPlugin
2025-10-16 00:40:51,179 [INFO] PluginManager:220 - loadIPPluginJar : add tim
2025-10-16 00:40:51,182 [INFO] IPUIPlugin:80 - create IPUIPlugin
2025-10-16 00:40:51,183 [INFO] PluginManager:220 - loadIPPluginJar : add touchsensing
2025-10-16 00:40:51,184 [INFO] IPUIPlugin:80 - create IPUIPlugin
2025-10-16 00:40:51,185 [INFO] PluginManager:220 - loadIPPluginJar : add tracer_emb
2025-10-16 00:40:51,188 [INFO] IPUIPlugin:80 - create IPUIPlugin
2025-10-16 00:40:51,188 [INFO] PluginManager:220 - loadIPPluginJar : add ts
2025-10-16 00:40:51,189 [INFO] IPUIPlugin:80 - create IPUIPlugin
2025-10-16 00:40:51,189 [INFO] PluginManager:220 - loadIPPluginJar : add tsc
2025-10-16 00:40:51,192 [INFO] IPUIPlugin:80 - create IPUIPlugin
2025-10-16 00:40:51,193 [INFO] PluginManager:220 - loadIPPluginJar : add ucpd
2025-10-16 00:40:51,195 [INFO] IPUIPlugin:80 - create IPUIPlugin
2025-10-16 00:40:51,195 [INFO] PluginManager:220 - loadIPPluginJar : add usart
2025-10-16 00:40:51,198 [INFO] IPUIPlugin:80 - create IPUIPlugin
2025-10-16 00:40:51,199 [INFO] PluginManager:220 - loadIPPluginJar : add usbx
2025-10-16 00:40:51,331 [INFO] CADModel:165 - CPN selected for project level
2025-10-16 00:40:51,331 [INFO] CADModel:114 - Register for checkConnection events
2025-10-16 00:40:51,331 [FATAL] Updater:308 - Updater called before beeing initialized
2025-10-16 00:40:51,332 [ERROR] CADModel:125 - Updater not yet initialized, retry later 
2025-10-16 00:40:51,445 [INFO] CADModel:165 - CPN selected for project level
2025-10-16 00:40:51,446 [INFO] CADModel:114 - Register for checkConnection events
2025-10-16 00:40:51,446 [FATAL] Updater:308 - Updater called before beeing initialized
2025-10-16 00:40:51,446 [ERROR] CADModel:125 - Updater not yet initialized, retry later 
2025-10-16 00:40:51,449 [FATAL] Updater:308 - Updater called before beeing initialized
2025-10-16 00:40:51,539 [FATAL] Updater:308 - Updater called before beeing initialized
2025-10-16 00:40:51,543 [INFO] DbMcusAds:53 - JSON generation date=Thu Oct 02 04:36:05 COT 2025 (1759397765645)
2025-10-16 00:40:51,543 [FATAL] Updater:308 - Updater called before beeing initialized
2025-10-16 00:40:51,573 [WARN] DetailPanel:346 - Failed to get advertising image, set to default
2025-10-16 00:40:51,656 [FATAL] Updater:308 - Updater called before beeing initialized
2025-10-16 00:40:51,658 [FATAL] Updater:308 - Updater called before beeing initialized
2025-10-16 00:40:51,658 [FATAL] Updater:308 - Updater called before beeing initialized
2025-10-16 00:40:51,658 [WARN] DetailPanel:346 - Failed to get advertising image, set to default
2025-10-16 00:40:51,658 [FATAL] Updater:308 - Updater called before beeing initialized
2025-10-16 00:40:51,699 [ERROR] Updater:1120 - MainUpdater not yet initialized. External WinMGr cannot be set.
2025-10-16 00:40:51,701 [INFO] Updater:1056 - Updater Version found : 6.9.2
2025-10-16 00:40:51,718 [INFO] ApplicationProperties:184 - Using Application install path: C:\ST\STM32CubeIDE_1.13.2\STM32CubeIDE\plugins\com.st.stm32cube.common.mx_6.9.2.202309101412
2025-10-16 00:40:52,686 [INFO] MainUpdater:2868 - connection check result : 10
2025-10-16 00:40:52,686 [INFO] MainUpdater:285 - Updater Check For Update Now.
2025-10-16 00:40:52,686 [INFO] MicroXplorer:498 - Change Database Version : DB.6.0.92
2025-10-16 00:40:52,692 [INFO] McuFinderGlobals:63 - Set McuFinder mode to 2 (CubeIDE integrated)
2025-10-16 00:40:52,894 [INFO] CheckServerUpdateThread:120 - End of CheckServer Thread
2025-10-16 00:40:53,262 [ERROR] LogOutputStream:75 - [STDERR_REDIRECT] [Fatal Error] :1:1: Premature end of file.
2025-10-16 00:40:53,262 [ERROR] LogOutputStream:75 - [STDERR_REDIRECT] 
2025-10-16 00:40:53,780 [WARN] PackLoader:240 - Cannot read IP mode file for STMicroelectronics.FP-SNS-MOTENVWB1.1.4.0
2025-10-16 00:40:53,793 [WARN] PackLoader:240 - Cannot read IP mode file for STMicroelectronics.FP-ATR-ASTRA1.2.0.2
2025-10-16 00:40:53,803 [WARN] PackLoader:240 - Cannot read IP mode file for STMicroelectronics.X-CUBE-SMBUS.2.1.0
2025-10-16 00:40:53,809 [ERROR] Engine:466 - C:\Users\daver\.stm32cubemx\thirdparties\pdsc\STMicroelectronics.X-CUBE-ST60.1.0.0.pdsc: PDSC version is not supported
2025-10-16 00:40:53,868 [WARN] PackLoader:240 - Cannot read IP mode file for STMicroelectronics.X-CUBE-AZRTOS-F7.1.1.0
2025-10-16 00:40:53,885 [ERROR] Engine:466 - C:\Users\daver\.stm32cubemx\thirdparties\pdsc\Cesanta.I-CUBE-Mongoose.7.19.0.pdsc: PDSC version is not supported
2025-10-16 00:40:53,902 [ERROR] Engine:466 - C:\Users\daver\.stm32cubemx\thirdparties\pdsc\WES.I-CUBE-Cesium.1.4.0.pdsc: PDSC version is not supported
2025-10-16 00:40:53,912 [ERROR] Engine:466 - C:\Users\daver\.stm32cubemx\thirdparties\pdsc\Infineon.AIROC-Wi-Fi-Bluetooth-STM32.1.7.1.pdsc: PDSC version is not supported
2025-10-16 00:40:53,960 [WARN] PackLoader:240 - Cannot read IP mode file for STMicroelectronics.X-CUBE-AZRTOS-H7.3.4.0
2025-10-16 00:40:53,979 [WARN] PackLoader:240 - Cannot read IP mode file for STMicroelectronics.X-CUBE-DISPLAY.3.0.0
2025-10-16 00:40:53,997 [WARN] PackLoader:240 - Cannot read IP mode file for STMicroelectronics.X-CUBE-NFC10.1.0.0
2025-10-16 00:40:54,002 [ERROR] Engine:466 - C:\Users\daver\.stm32cubemx\thirdparties\pdsc\STMicroelectronics.X-CUBE-ST60.1.1.0.pdsc: PDSC version is not supported
2025-10-16 00:40:54,009 [WARN] PackLoader:240 - Cannot read IP mode file for emotas.I-CUBE-CANOPEN.1.3.0
2025-10-16 00:40:54,014 [ERROR] Engine:466 - C:\Users\daver\.stm32cubemx\thirdparties\pdsc\STMicroelectronics.FP-SNS-STBOX1.2.1.0.pdsc: PDSC version is not supported
2025-10-16 00:40:54,018 [WARN] PackLoader:240 - Cannot read IP mode file for STMicroelectronics.FP-SNS-SMARTAG2.1.2.0
2025-10-16 00:40:54,021 [ERROR] Engine:466 - C:\Users\daver\.stm32cubemx\thirdparties\pdsc\STMicroelectronics.FP-SNS-FLIGHT1.5.1.0.pdsc: PDSC version is not supported
2025-10-16 00:40:54,029 [INFO] LogOutputStream:77 - [STDOUT_REDIRECT] 1 : Invalid condition id : UX_CORESTACK_Condition cause : null
2025-10-16 00:40:54,029 [INFO] LogOutputStream:77 - [STDOUT_REDIRECT] 1 : Invalid condition id : UX_CORESTACK_Condition cause : null
2025-10-16 00:40:54,030 [INFO] LogOutputStream:77 - [STDOUT_REDIRECT] 1 : Invalid condition id : UX_CORESTACK_Condition cause : null
2025-10-16 00:40:54,032 [INFO] LogOutputStream:77 - [STDOUT_REDIRECT] 1 : Invalid condition id : UX_CORESTACK_Condition cause : null
2025-10-16 00:40:54,033 [INFO] LogOutputStream:77 - [STDOUT_REDIRECT] 1 : Invalid condition id : UX_CORESTACK_Condition cause : null
2025-10-16 00:40:54,035 [WARN] PackLoader:240 - Cannot read IP mode file for STMicroelectronics.X-CUBE-AZRTOS-WL.2.0.0
2025-10-16 00:40:54,041 [WARN] PackLoader:240 - Cannot read IP mode file for STMicroelectronics.FP-SNS-MOTENV1.5.0.0
2025-10-16 00:40:54,047 [WARN] PackLoader:240 - Cannot read IP mode file for STMicroelectronics.X-CUBE-BLE2.3.3.0
2025-10-16 00:40:54,052 [WARN] PackLoader:240 - Cannot read IP mode file for STMicroelectronics.X-CUBE-NFC9.1.0.0
2025-10-16 00:40:54,058 [WARN] PackLoader:240 - Cannot read IP mode file for wolfSSL.I-CUBE-wolfSSL.5.8.2
2025-10-16 00:40:54,064 [WARN] PackLoader:240 - Cannot read IP mode file for STMicroelectronics.X-CUBE-BLE1.7.1.0
2025-10-16 00:40:54,067 [WARN] PackLoader:240 - Cannot read IP mode file for wolfSSL.I-CUBE-wolfMQTT.1.19.2
2025-10-16 00:40:54,072 [WARN] PackLoader:240 - Cannot read IP mode file for STMicroelectronics.X-CUBE-EEPRMA1.5.2.0
2025-10-16 00:40:54,076 [ERROR] Engine:466 - C:\Users\daver\.stm32cubemx\thirdparties\pdsc\STMicroelectronics.X-CUBE-ST67W61.1.1.0.pdsc: PDSC version is not supported
2025-10-16 00:40:54,089 [WARN] PackLoader:240 - Cannot read IP mode file for STMicroelectronics.X-CUBE-AZRTOS-G0.1.1.0
2025-10-16 00:40:54,095 [WARN] PackLoader:240 - Cannot read IP mode file for STMicroelectronics.X-CUBE-SAFEA1.1.2.2
2025-10-16 00:40:54,100 [WARN] PackLoader:240 - Cannot read IP mode file for STMicroelectronics.X-CUBE-NFC4.3.0.0
2025-10-16 00:40:54,103 [ERROR] Engine:466 - C:\Users\daver\.stm32cubemx\thirdparties\pdsc\EmbeddedOffice.I-CUBE-FS-RTOS.1.0.1.pdsc: PDSC version is not supported
2025-10-16 00:40:54,108 [WARN] PackLoader:240 - Cannot read IP mode file for STMicroelectronics.X-CUBE-WB05N.2.0.0
2025-10-16 00:40:54,117 [WARN] PackLoader:240 - Cannot read IP mode file for wolfSSL.I-CUBE-wolfTPM.3.8.0
2025-10-16 00:40:54,120 [ERROR] Engine:466 - C:\Users\daver\.stm32cubemx\thirdparties\pdsc\STMicroelectronics.X-CUBE-TCPP.4.2.0.pdsc: PDSC version is not supported
2025-10-16 00:40:54,122 [ERROR] Engine:466 - C:\Users\daver\.stm32cubemx\thirdparties\pdsc\RealThread.X-CUBE-RT-Thread_Nano.4.1.1.pdsc: PDSC version is not supported
2025-10-16 00:40:54,127 [WARN] PackLoader:240 - Cannot read IP mode file for STMicroelectronics.FP-ATR-SIGFOX1.3.2.0
2025-10-16 00:40:54,137 [WARN] PackLoader:240 - Cannot read IP mode file for ITTIA_DB.I-CUBE-ITTIADB.8.9.0
2025-10-16 00:40:54,139 [ERROR] Engine:466 - C:\Users\daver\.stm32cubemx\thirdparties\pdsc\STMicroelectronics.X-CUBE-ST67W61.1.0.0.pdsc: PDSC version is not supported
2025-10-16 00:40:54,142 [WARN] PackLoader:240 - Cannot read IP mode file for STMicroelectronics.X-CUBE-AI.10.2.0
2025-10-16 00:40:54,196 [WARN] PackLoader:240 - Cannot read IP mode file for SEGGER.I-CUBE-embOS.1.3.1
2025-10-16 00:40:54,249 [WARN] PackLoader:240 - Cannot read IP mode file for STMicroelectronics.X-CUBE-ALGOBUILD.1.4.0
2025-10-16 00:40:54,264 [ERROR] LogOutputStream:75 - [STDERR_REDIRECT] [Fatal Error] :1:1: Premature end of file.
2025-10-16 00:40:54,264 [ERROR] LogOutputStream:75 - [STDERR_REDIRECT] 
2025-10-16 00:40:54,300 [WARN] PackLoader:240 - Cannot read IP mode file for STMicroelectronics.X-CUBE-MEMS1.11.3.0
2025-10-16 00:40:54,446 [WARN] PackLoader:240 - Cannot read IP mode file for STMicroelectronics.X-CUBE-PM33A1.1.0.0
2025-10-16 00:40:54,459 [WARN] PackLoader:240 - Cannot read IP mode file for STMicroelectronics.X-CUBE-AZRTOS-F4.1.1.0
2025-10-16 00:40:54,466 [WARN] PackLoader:240 - Cannot read IP mode file for STMicroelectronics.X-CUBE-ISPU.2.1.0
2025-10-16 00:40:54,470 [ERROR] Engine:466 - C:\Users\daver\.stm32cubemx\thirdparties\pdsc\STMicroelectronics.X-CUBE-IPS.3.2.0.pdsc: PDSC version is not supported
2025-10-16 00:40:54,475 [WARN] PackLoader:240 - Cannot read IP mode file for STMicroelectronics.X-CUBE-NFC12.1.0.0
2025-10-16 00:40:54,487 [WARN] PackLoader:240 - Cannot read IP mode file for STMicroelectronics.X-CUBE-AZRTOS-L5.2.0.0
2025-10-16 00:40:54,495 [WARN] PackLoader:240 - Cannot read IP mode file for STMicroelectronics.X-CUBE-NFC6.3.1.0
2025-10-16 00:40:54,501 [WARN] PackLoader:240 - Cannot read IP mode file for STMicroelectronics.X-CUBE-FREERTOS.1.3.1
2025-10-16 00:40:54,507 [WARN] PackLoader:240 - Cannot read IP mode file for STMicroelectronics.X-CUBE-TOUCHGFX.4.26.0
2025-10-16 00:40:54,509 [ERROR] Engine:466 - C:\Users\daver\.stm32cubemx\thirdparties\pdsc\STMicroelectronics.FP-SNS-STAIOTCFT.1.0.0.pdsc: PDSC version is not supported
2025-10-16 00:40:54,511 [ERROR] Engine:466 - C:\Users\daver\.stm32cubemx\thirdparties\pdsc\STMicroelectronics.X-CUBE-DPower.1.3.0.pdsc: PDSC version is not supported
2025-10-16 00:40:54,525 [WARN] ConditionMgr:438 - getConditionDescription Invalid condition id : LAN8742 Phy interface Condition cause : null
2025-10-16 00:40:54,526 [WARN] PackLoader:240 - Cannot read IP mode file for STMicroelectronics.X-CUBE-AZRTOS-L4.2.0.0
2025-10-16 00:40:54,527 [WARN] ConditionMgr:1039 - genDependencies : Invalid condition id : LAN8742 Phy interface Condition cause : null
2025-10-16 00:40:54,527 [WARN] ConditionMgr:1039 - genDependencies : Invalid condition id : LAN8742 Phy interface Condition cause : null
2025-10-16 00:40:54,527 [WARN] ConditionMgr:1039 - genDependencies : Invalid condition id : LAN8742 Phy interface Condition cause : null
2025-10-16 00:40:54,533 [WARN] PackLoader:240 - Cannot read IP mode file for STMicroelectronics.X-CUBE-SFXS2LP1.4.0.0
2025-10-16 00:40:54,536 [ERROR] Engine:466 - C:\Users\daver\.stm32cubemx\thirdparties\pdsc\STMicroelectronics.X-CUBE-BLEMGR.4.1.0.pdsc: PDSC version is not supported
2025-10-16 00:40:54,550 [WARN] ConditionMgr:438 - getConditionDescription Invalid condition id : UX DEVICE CLASS RTOS Condition cause : null
2025-10-16 00:40:54,551 [WARN] ConditionMgr:438 - getConditionDescription Invalid condition id : UX DEVICE CLASS RTOS Condition cause : null
2025-10-16 00:40:54,553 [WARN] PackLoader:240 - Cannot read IP mode file for STMicroelectronics.X-CUBE-AZRTOS-WB.2.0.0
2025-10-16 00:40:54,553 [WARN] ConditionMgr:1039 - genDependencies : Invalid condition id : UX DEVICE CLASS RTOS Condition cause : null
2025-10-16 00:40:54,553 [WARN] ConditionMgr:1039 - genDependencies : Invalid condition id : UX DEVICE CLASS RTOS Condition cause : null
2025-10-16 00:40:54,554 [WARN] ConditionMgr:1039 - genDependencies : Invalid condition id : UX DEVICE CLASS RTOS Condition cause : null
2025-10-16 00:40:54,554 [WARN] ConditionMgr:1039 - genDependencies : Invalid condition id : UX DEVICE CLASS RTOS Condition cause : null
2025-10-16 00:40:54,554 [WARN] ConditionMgr:1039 - genDependencies : Invalid condition id : UX DEVICE CLASS RTOS Condition cause : null
2025-10-16 00:40:54,559 [WARN] PackLoader:240 - Cannot read IP mode file for STMicroelectronics.X-CUBE-GNSS1.7.0.1
2025-10-16 00:40:54,562 [ERROR] Engine:466 - C:\Users\daver\.stm32cubemx\thirdparties\pdsc\quantropi.X-CUBE-qispace-sdk-base.2.1.0.pdsc: PDSC version is not supported
2025-10-16 00:40:54,570 [WARN] PackLoader:240 - Cannot read IP mode file for STMicroelectronics.X-CUBE-SUBG2.5.0.0
2025-10-16 00:40:54,592 [WARN] PackLoader:240 - Cannot read IP mode file for STMicroelectronics.X-CUBE-AZRTOS-H7RS.1.1.0
2025-10-16 00:40:54,604 [WARN] PackLoader:240 - Cannot read IP mode file for STMicroelectronics.X-CUBE-AZRTOS-G4.2.0.0
2025-10-16 00:40:54,609 [WARN] PackLoader:240 - Cannot read IP mode file for wolfSSL.I-CUBE-wolfSSH.1.4.20
2025-10-16 00:40:54,613 [WARN] PackLoader:240 - Cannot read IP mode file for STMicroelectronics.X-CUBE-NFC7.2.0.0
2025-10-16 00:40:54,618 [ERROR] Engine:466 - C:\Users\daver\.stm32cubemx\thirdparties\pdsc\STMicroelectronics.X-CUBE-IPS.3.1.0.pdsc: PDSC version is not supported
2025-10-16 00:40:54,622 [WARN] PackLoader:240 - Cannot read IP mode file for STMicroelectronics.X-CUBE-ALS.1.0.2
2025-10-16 00:40:54,629 [WARN] PackLoader:240 - Cannot read IP mode file for STMicroelectronics.X-CUBE-STSE01.1.0.0
2025-10-16 00:40:54,633 [ERROR] Engine:466 - C:\Users\daver\.stm32cubemx\thirdparties\pdsc\STMicroelectronics.X-CUBE-TOF1.3.4.3.pdsc: PDSC version is not supported
2025-10-16 00:40:54,634 [INFO] ThirdParty:978 - Integrity check success = true
2025-10-16 00:40:54,634 [INFO] IntegrityCheckThread:100 - exiting critical section [integrity check]
2025-10-16 00:40:54,634 [INFO] IntegrityCheckThread:103 - End integrity checks thread
2025-10-16 00:40:55,244 [ERROR] LogOutputStream:75 - [STDERR_REDIRECT] [Fatal Error] :1:1: Premature end of file.
2025-10-16 00:40:55,244 [ERROR] LogOutputStream:75 - [STDERR_REDIRECT] 
2025-10-16 00:40:56,247 [ERROR] LogOutputStream:75 - [STDERR_REDIRECT] [Fatal Error] :1:1: Premature end of file.
2025-10-16 00:40:56,247 [ERROR] LogOutputStream:75 - [STDERR_REDIRECT] 
2025-10-16 00:40:57,248 [ERROR] LogOutputStream:75 - [STDERR_REDIRECT] [Fatal Error] :1:1: Premature end of file.
2025-10-16 00:40:57,248 [ERROR] LogOutputStream:75 - [STDERR_REDIRECT] 
2025-10-16 00:40:58,246 [ERROR] LogOutputStream:75 - [STDERR_REDIRECT] [Fatal Error] :1:1: Premature end of file.
2025-10-16 00:40:58,246 [ERROR] LogOutputStream:75 - [STDERR_REDIRECT] 
2025-10-16 00:40:59,245 [ERROR] LogOutputStream:75 - [STDERR_REDIRECT] [Fatal Error] :1:1: Premature end of file.
2025-10-16 00:40:59,245 [ERROR] LogOutputStream:75 - [STDERR_REDIRECT] 
2025-10-16 00:41:00,246 [ERROR] LogOutputStream:75 - [STDERR_REDIRECT] [Fatal Error] :1:1: Premature end of file.
2025-10-16 00:41:00,246 [ERROR] LogOutputStream:75 - [STDERR_REDIRECT] 
2025-10-16 00:41:01,246 [ERROR] LogOutputStream:75 - [STDERR_REDIRECT] [Fatal Error] :1:1: Premature end of file.
2025-10-16 00:41:01,246 [ERROR] LogOutputStream:75 - [STDERR_REDIRECT] 
2025-10-16 00:41:02,248 [ERROR] LogOutputStream:75 - [STDERR_REDIRECT] [Fatal Error] :1:1: Premature end of file.
2025-10-16 00:41:02,248 [ERROR] LogOutputStream:75 - [STDERR_REDIRECT] 
2025-10-16 00:41:03,248 [ERROR] LogOutputStream:75 - [STDERR_REDIRECT] [Fatal Error] :1:1: Premature end of file.
2025-10-16 00:41:03,248 [ERROR] LogOutputStream:75 - [STDERR_REDIRECT] 
2025-10-16 00:41:04,246 [ERROR] LogOutputStream:75 - [STDERR_REDIRECT] [Fatal Error] :1:1: Premature end of file.
2025-10-16 00:41:04,246 [ERROR] LogOutputStream:75 - [STDERR_REDIRECT] 
2025-10-16 00:41:05,246 [ERROR] LogOutputStream:75 - [STDERR_REDIRECT] [Fatal Error] :1:1: Premature end of file.
2025-10-16 00:41:05,246 [ERROR] LogOutputStream:75 - [STDERR_REDIRECT] 
2025-10-16 00:41:06,247 [ERROR] LogOutputStream:75 - [STDERR_REDIRECT] [Fatal Error] :1:1: Premature end of file.
2025-10-16 00:41:06,247 [ERROR] LogOutputStream:75 - [STDERR_REDIRECT] 
2025-10-16 00:41:07,248 [ERROR] LogOutputStream:75 - [STDERR_REDIRECT] [Fatal Error] :1:1: Premature end of file.
2025-10-16 00:41:07,248 [ERROR] LogOutputStream:75 - [STDERR_REDIRECT] 
2025-10-16 00:41:08,245 [ERROR] LogOutputStream:75 - [STDERR_REDIRECT] [Fatal Error] :1:1: Premature end of file.
2025-10-16 00:41:08,245 [ERROR] LogOutputStream:75 - [STDERR_REDIRECT] 
2025-10-16 00:41:09,248 [ERROR] LogOutputStream:75 - [STDERR_REDIRECT] [Fatal Error] :1:1: Premature end of file.
2025-10-16 00:41:09,248 [ERROR] LogOutputStream:75 - [STDERR_REDIRECT] 
2025-10-16 00:41:10,245 [ERROR] LogOutputStream:75 - [STDERR_REDIRECT] [Fatal Error] :1:1: Premature end of file.
2025-10-16 00:41:10,245 [ERROR] LogOutputStream:75 - [STDERR_REDIRECT] 
2025-10-16 00:41:11,261 [ERROR] LogOutputStream:75 - [STDERR_REDIRECT] [Fatal Error] :1:1: Premature end of file.
2025-10-16 00:41:11,261 [ERROR] LogOutputStream:75 - [STDERR_REDIRECT] 
2025-10-16 00:41:11,266 [ERROR] LogOutputStream:75 - [STDERR_REDIRECT] Exception in thread "Serial Ports Filter" java.lang.NullPointerException: Cannot invoke "org.eclipse.core.resources.ResourcesPlugin.getLog()" because the return value of "org.eclipse.core.resources.ResourcesPlugin.getPlugin()" is null
2025-10-16 00:41:11,268 [ERROR] LogOutputStream:75 - [STDERR_REDIRECT] 	at com.st.stm32cube.common.logger.MCULoggerPlugin.log(MCULoggerPlugin.java:84)
2025-10-16 00:41:11,270 [ERROR] LogOutputStream:75 - [STDERR_REDIRECT] 	at com.st.stm32cube.common.logger.MCULoggerPlugin.logException(MCULoggerPlugin.java:116)
2025-10-16 00:41:11,272 [ERROR] LogOutputStream:75 - [STDERR_REDIRECT] 	at com.st.stm32cube.ide.mpu.remote.serial.internal.SerialPortProviderWindows.run(SerialPortProviderWindows.java:156)
2025-10-16 00:41:11,273 [ERROR] LogOutputStream:75 - [STDERR_REDIRECT] 	at java.base/java.util.TimerThread.mainLoop(Timer.java:566)
2025-10-16 00:41:11,274 [ERROR] LogOutputStream:75 - [STDERR_REDIRECT] 	at java.base/java.util.TimerThread.run(Timer.java:516)
